<?xml version="1.0" encoding="UTF-8"?>
<testsuite xmlns:xsi="http://www.w3.org/2001/XMLSchema-instance" xsi:noNamespaceSchemaLocation="https://maven.apache.org/surefire/maven-surefire-plugin/xsd/surefire-test-report.xsd" version="3.0.2" name="com.gruppeM.producer.ProducerServiceTest" time="1.212" tests="2" errors="0" skipped="0" failures="0">
  <properties>
    <property name="java.specification.version" value="24"/>
    <property name="sun.cpu.isalist" value="amd64"/>
    <property name="sun.jnu.encoding" value="Cp1251"/>
    <property name="java.class.path" value="C:\Users\Windows 10\Desktop\Semester 4\energy-communities\producer-service\target\test-classes;C:\Users\Windows 10\Desktop\Semester 4\energy-communities\producer-service\target\classes;C:\Users\Windows 10\.m2\repository\org\springframework\boot\spring-boot-starter\3.4.5\spring-boot-starter-3.4.5.jar;C:\Users\Windows 10\.m2\repository\org\springframework\boot\spring-boot\3.4.5\spring-boot-3.4.5.jar;C:\Users\Windows 10\.m2\repository\org\springframework\spring-context\6.2.6\spring-context-6.2.6.jar;C:\Users\Windows 10\.m2\repository\org\springframework\spring-aop\6.2.6\spring-aop-6.2.6.jar;C:\Users\Windows 10\.m2\repository\org\springframework\spring-expression\6.2.6\spring-expression-6.2.6.jar;C:\Users\Windows 10\.m2\repository\org\springframework\boot\spring-boot-autoconfigure\3.4.5\spring-boot-autoconfigure-3.4.5.jar;C:\Users\Windows 10\.m2\repository\org\springframework\boot\spring-boot-starter-logging\3.4.5\spring-boot-starter-logging-3.4.5.jar;C:\Users\Windows 10\.m2\repository\ch\qos\logback\logback-classic\1.5.18\logback-classic-1.5.18.jar;C:\Users\Windows 10\.m2\repository\ch\qos\logback\logback-core\1.5.18\logback-core-1.5.18.jar;C:\Users\Windows 10\.m2\repository\org\slf4j\slf4j-api\2.0.17\slf4j-api-2.0.17.jar;C:\Users\Windows 10\.m2\repository\org\apache\logging\log4j\log4j-to-slf4j\2.24.3\log4j-to-slf4j-2.24.3.jar;C:\Users\Windows 10\.m2\repository\org\apache\logging\log4j\log4j-api\2.24.3\log4j-api-2.24.3.jar;C:\Users\Windows 10\.m2\repository\org\slf4j\jul-to-slf4j\2.0.17\jul-to-slf4j-2.0.17.jar;C:\Users\Windows 10\.m2\repository\jakarta\annotation\jakarta.annotation-api\2.1.1\jakarta.annotation-api-2.1.1.jar;C:\Users\Windows 10\.m2\repository\org\springframework\spring-core\6.2.6\spring-core-6.2.6.jar;C:\Users\Windows 10\.m2\repository\org\springframework\spring-jcl\6.2.6\spring-jcl-6.2.6.jar;C:\Users\Windows 10\.m2\repository\org\yaml\snakeyaml\2.3\snakeyaml-2.3.jar;C:\Users\Windows 10\.m2\repository\org\postgresql\postgresql\42.5.4\postgresql-42.5.4.jar;C:\Users\Windows 10\.m2\repository\org\checkerframework\checker-qual\3.5.0\checker-qual-3.5.0.jar;C:\Users\Windows 10\.m2\repository\org\junit\jupiter\junit-jupiter\5.9.3\junit-jupiter-5.9.3.jar;C:\Users\Windows 10\.m2\repository\org\junit\jupiter\junit-jupiter-api\5.11.4\junit-jupiter-api-5.11.4.jar;C:\Users\Windows 10\.m2\repository\org\opentest4j\opentest4j\1.3.0\opentest4j-1.3.0.jar;C:\Users\Windows 10\.m2\repository\org\junit\platform\junit-platform-commons\1.11.4\junit-platform-commons-1.11.4.jar;C:\Users\Windows 10\.m2\repository\org\apiguardian\apiguardian-api\1.1.2\apiguardian-api-1.1.2.jar;C:\Users\Windows 10\.m2\repository\org\junit\jupiter\junit-jupiter-params\5.11.4\junit-jupiter-params-5.11.4.jar;C:\Users\Windows 10\.m2\repository\org\junit\jupiter\junit-jupiter-engine\5.11.4\junit-jupiter-engine-5.11.4.jar;C:\Users\Windows 10\.m2\repository\org\junit\platform\junit-platform-engine\1.11.4\junit-platform-engine-1.11.4.jar;C:\Users\Windows 10\.m2\repository\org\assertj\assertj-core\3.24.2\assertj-core-3.24.2.jar;C:\Users\Windows 10\.m2\repository\net\bytebuddy\byte-buddy\1.15.11\byte-buddy-1.15.11.jar;C:\Users\Windows 10\.m2\repository\org\springframework\boot\spring-boot-starter-amqp\3.4.5\spring-boot-starter-amqp-3.4.5.jar;C:\Users\Windows 10\.m2\repository\org\springframework\spring-messaging\6.2.6\spring-messaging-6.2.6.jar;C:\Users\Windows 10\.m2\repository\org\springframework\spring-beans\6.2.6\spring-beans-6.2.6.jar;C:\Users\Windows 10\.m2\repository\org\springframework\amqp\spring-rabbit\3.2.5\spring-rabbit-3.2.5.jar;C:\Users\Windows 10\.m2\repository\org\springframework\amqp\spring-amqp\3.2.5\spring-amqp-3.2.5.jar;C:\Users\Windows 10\.m2\repository\org\springframework\retry\spring-retry\2.0.11\spring-retry-2.0.11.jar;C:\Users\Windows 10\.m2\repository\com\rabbitmq\amqp-client\5.22.0\amqp-client-5.22.0.jar;C:\Users\Windows 10\.m2\repository\org\springframework\spring-tx\6.2.6\spring-tx-6.2.6.jar;C:\Users\Windows 10\.m2\repository\io\micrometer\micrometer-observation\1.14.6\micrometer-observation-1.14.6.jar;C:\Users\Windows 10\.m2\repository\io\micrometer\micrometer-commons\1.14.6\micrometer-commons-1.14.6.jar;C:\Users\Windows 10\.m2\repository\com\fasterxml\jackson\core\jackson-databind\2.18.3\jackson-databind-2.18.3.jar;C:\Users\Windows 10\.m2\repository\com\fasterxml\jackson\core\jackson-annotations\2.18.3\jackson-annotations-2.18.3.jar;C:\Users\Windows 10\.m2\repository\com\fasterxml\jackson\core\jackson-core\2.18.3\jackson-core-2.18.3.jar;C:\Users\Windows 10\.m2\repository\com\fasterxml\jackson\datatype\jackson-datatype-jsr310\2.18.3\jackson-datatype-jsr310-2.18.3.jar;C:\Users\Windows 10\.m2\repository\org\projectlombok\lombok\1.18.38\lombok-1.18.38.jar;C:\Users\Windows 10\.m2\repository\org\mockito\mockito-core\5.14.2\mockito-core-5.14.2.jar;C:\Users\Windows 10\.m2\repository\net\bytebuddy\byte-buddy-agent\1.15.11\byte-buddy-agent-1.15.11.jar;C:\Users\Windows 10\.m2\repository\org\objenesis\objenesis\3.3\objenesis-3.3.jar;"/>
    <property name="java.vm.vendor" value="Oracle Corporation"/>
    <property name="sun.arch.data.model" value="64"/>
    <property name="user.variant" value=""/>
    <property name="java.vendor.url" value="https://java.oracle.com/"/>
    <property name="user.timezone" value="Europe/Berlin"/>
    <property name="os.name" value="Windows 10"/>
    <property name="java.vm.specification.version" value="24"/>
    <property name="sun.java.launcher" value="SUN_STANDARD"/>
    <property name="user.country" value="RU"/>
    <property name="sun.boot.library.path" value="C:\Users\Windows 10\.jdks\openjdk-24\bin"/>
    <property name="sun.java.command" value="C:\Users\Windows 10\AppData\Local\Temp\surefire6684562946483066664\surefirebooter-20250626024007555_17.jar C:\Users\Windows 10\AppData\Local\Temp\surefire6684562946483066664 2025-06-26T02-40-00_038-jvmRun1 surefire-20250626024007555_15tmp surefire_2-20250626024007555_16tmp"/>
    <property name="jdk.debug" value="release"/>
    <property name="surefire.test.class.path" value="C:\Users\Windows 10\Desktop\Semester 4\energy-communities\producer-service\target\test-classes;C:\Users\Windows 10\Desktop\Semester 4\energy-communities\producer-service\target\classes;C:\Users\Windows 10\.m2\repository\org\springframework\boot\spring-boot-starter\3.4.5\spring-boot-starter-3.4.5.jar;C:\Users\Windows 10\.m2\repository\org\springframework\boot\spring-boot\3.4.5\spring-boot-3.4.5.jar;C:\Users\Windows 10\.m2\repository\org\springframework\spring-context\6.2.6\spring-context-6.2.6.jar;C:\Users\Windows 10\.m2\repository\org\springframework\spring-aop\6.2.6\spring-aop-6.2.6.jar;C:\Users\Windows 10\.m2\repository\org\springframework\spring-expression\6.2.6\spring-expression-6.2.6.jar;C:\Users\Windows 10\.m2\repository\org\springframework\boot\spring-boot-autoconfigure\3.4.5\spring-boot-autoconfigure-3.4.5.jar;C:\Users\Windows 10\.m2\repository\org\springframework\boot\spring-boot-starter-logging\3.4.5\spring-boot-starter-logging-3.4.5.jar;C:\Users\Windows 10\.m2\repository\ch\qos\logback\logback-classic\1.5.18\logback-classic-1.5.18.jar;C:\Users\Windows 10\.m2\repository\ch\qos\logback\logback-core\1.5.18\logback-core-1.5.18.jar;C:\Users\Windows 10\.m2\repository\org\slf4j\slf4j-api\2.0.17\slf4j-api-2.0.17.jar;C:\Users\Windows 10\.m2\repository\org\apache\logging\log4j\log4j-to-slf4j\2.24.3\log4j-to-slf4j-2.24.3.jar;C:\Users\Windows 10\.m2\repository\org\apache\logging\log4j\log4j-api\2.24.3\log4j-api-2.24.3.jar;C:\Users\Windows 10\.m2\repository\org\slf4j\jul-to-slf4j\2.0.17\jul-to-slf4j-2.0.17.jar;C:\Users\Windows 10\.m2\repository\jakarta\annotation\jakarta.annotation-api\2.1.1\jakarta.annotation-api-2.1.1.jar;C:\Users\Windows 10\.m2\repository\org\springframework\spring-core\6.2.6\spring-core-6.2.6.jar;C:\Users\Windows 10\.m2\repository\org\springframework\spring-jcl\6.2.6\spring-jcl-6.2.6.jar;C:\Users\Windows 10\.m2\repository\org\yaml\snakeyaml\2.3\snakeyaml-2.3.jar;C:\Users\Windows 10\.m2\repository\org\postgresql\postgresql\42.5.4\postgresql-42.5.4.jar;C:\Users\Windows 10\.m2\repository\org\checkerframework\checker-qual\3.5.0\checker-qual-3.5.0.jar;C:\Users\Windows 10\.m2\repository\org\junit\jupiter\junit-jupiter\5.9.3\junit-jupiter-5.9.3.jar;C:\Users\Windows 10\.m2\repository\org\junit\jupiter\junit-jupiter-api\5.11.4\junit-jupiter-api-5.11.4.jar;C:\Users\Windows 10\.m2\repository\org\opentest4j\opentest4j\1.3.0\opentest4j-1.3.0.jar;C:\Users\Windows 10\.m2\repository\org\junit\platform\junit-platform-commons\1.11.4\junit-platform-commons-1.11.4.jar;C:\Users\Windows 10\.m2\repository\org\apiguardian\apiguardian-api\1.1.2\apiguardian-api-1.1.2.jar;C:\Users\Windows 10\.m2\repository\org\junit\jupiter\junit-jupiter-params\5.11.4\junit-jupiter-params-5.11.4.jar;C:\Users\Windows 10\.m2\repository\org\junit\jupiter\junit-jupiter-engine\5.11.4\junit-jupiter-engine-5.11.4.jar;C:\Users\Windows 10\.m2\repository\org\junit\platform\junit-platform-engine\1.11.4\junit-platform-engine-1.11.4.jar;C:\Users\Windows 10\.m2\repository\org\assertj\assertj-core\3.24.2\assertj-core-3.24.2.jar;C:\Users\Windows 10\.m2\repository\net\bytebuddy\byte-buddy\1.15.11\byte-buddy-1.15.11.jar;C:\Users\Windows 10\.m2\repository\org\springframework\boot\spring-boot-starter-amqp\3.4.5\spring-boot-starter-amqp-3.4.5.jar;C:\Users\Windows 10\.m2\repository\org\springframework\spring-messaging\6.2.6\spring-messaging-6.2.6.jar;C:\Users\Windows 10\.m2\repository\org\springframework\spring-beans\6.2.6\spring-beans-6.2.6.jar;C:\Users\Windows 10\.m2\repository\org\springframework\amqp\spring-rabbit\3.2.5\spring-rabbit-3.2.5.jar;C:\Users\Windows 10\.m2\repository\org\springframework\amqp\spring-amqp\3.2.5\spring-amqp-3.2.5.jar;C:\Users\Windows 10\.m2\repository\org\springframework\retry\spring-retry\2.0.11\spring-retry-2.0.11.jar;C:\Users\Windows 10\.m2\repository\com\rabbitmq\amqp-client\5.22.0\amqp-client-5.22.0.jar;C:\Users\Windows 10\.m2\repository\org\springframework\spring-tx\6.2.6\spring-tx-6.2.6.jar;C:\Users\Windows 10\.m2\repository\io\micrometer\micrometer-observation\1.14.6\micrometer-observation-1.14.6.jar;C:\Users\Windows 10\.m2\repository\io\micrometer\micrometer-commons\1.14.6\micrometer-commons-1.14.6.jar;C:\Users\Windows 10\.m2\repository\com\fasterxml\jackson\core\jackson-databind\2.18.3\jackson-databind-2.18.3.jar;C:\Users\Windows 10\.m2\repository\com\fasterxml\jackson\core\jackson-annotations\2.18.3\jackson-annotations-2.18.3.jar;C:\Users\Windows 10\.m2\repository\com\fasterxml\jackson\core\jackson-core\2.18.3\jackson-core-2.18.3.jar;C:\Users\Windows 10\.m2\repository\com\fasterxml\jackson\datatype\jackson-datatype-jsr310\2.18.3\jackson-datatype-jsr310-2.18.3.jar;C:\Users\Windows 10\.m2\repository\org\projectlombok\lombok\1.18.38\lombok-1.18.38.jar;C:\Users\Windows 10\.m2\repository\org\mockito\mockito-core\5.14.2\mockito-core-5.14.2.jar;C:\Users\Windows 10\.m2\repository\net\bytebuddy\byte-buddy-agent\1.15.11\byte-buddy-agent-1.15.11.jar;C:\Users\Windows 10\.m2\repository\org\objenesis\objenesis\3.3\objenesis-3.3.jar;"/>
    <property name="sun.cpu.endian" value="little"/>
    <property name="user.home" value="C:\Users\Windows 10"/>
    <property name="user.language" value="ru"/>
    <property name="java.specification.vendor" value="Oracle Corporation"/>
    <property name="java.version.date" value="2025-03-18"/>
    <property name="java.home" value="C:\Users\Windows 10\.jdks\openjdk-24"/>
    <property name="file.separator" value="\"/>
    <property name="basedir" value="C:\Users\Windows 10\Desktop\Semester 4\energy-communities\producer-service"/>
    <property name="java.vm.compressedOopsMode" value="Zero based"/>
    <property name="line.separator" value="&#10;"/>
    <property name="java.vm.specification.vendor" value="Oracle Corporation"/>
    <property name="java.specification.name" value="Java Platform API Specification"/>
    <property name="surefire.real.class.path" value="C:\Users\Windows 10\AppData\Local\Temp\surefire6684562946483066664\surefirebooter-20250626024007555_17.jar"/>
    <property name="user.script" value=""/>
    <property name="sun.management.compiler" value="HotSpot 64-Bit Tiered Compilers"/>
    <property name="java.runtime.version" value="24+36-3646"/>
    <property name="user.name" value="Windows 10"/>
    <property name="stdout.encoding" value="Cp1251"/>
    <property name="path.separator" value=";"/>
    <property name="os.version" value="10.0"/>
    <property name="java.runtime.name" value="OpenJDK Runtime Environment"/>
    <property name="file.encoding" value="UTF-8"/>
    <property name="java.vm.name" value="OpenJDK 64-Bit Server VM"/>
    <property name="localRepository" value="C:\Users\Windows 10\.m2\repository"/>
    <property name="java.vendor.url.bug" value="https://bugreport.java.com/bugreport/"/>
    <property name="java.io.tmpdir" value="C:\Users\WINDOW~1\AppData\Local\Temp\"/>
    <property name="idea.version" value="2024.3.5"/>
    <property name="java.version" value="24"/>
    <property name="user.dir" value="C:\Users\Windows 10\Desktop\Semester 4\energy-communities\producer-service"/>
    <property name="os.arch" value="amd64"/>
    <property name="java.vm.specification.name" value="Java Virtual Machine Specification"/>
    <property name="sun.os.patch.level" value=""/>
    <property name="native.encoding" value="Cp1251"/>
    <property name="java.library.path" value="C:\Users\Windows 10\.jdks\openjdk-24\bin;C:\Windows\Sun\Java\bin;C:\Windows\system32;C:\Windows;C:\Python313\Scripts\;C:\Python313\;C:\Program Files\Eclipse Adoptium\jdk-17.0.6.10-hotspot\bin;C:\Program Files\Common Files\Oracle\Java\javapath;C:\Program Files (x86)\Common Files\Oracle\Java\javapath;C:\Windows\system32;C:\Windows;C:\Windows\System32\Wbem;C:\Windows\System32\WindowsPowerShell\v1.0\;C:\Windows\System32\OpenSSH\;C:\Program Files\Git\cmd;C:\Program Files\Perforce\Server\;C:\Program Files\Perforce\;C:\Program Files\nodejs\;C:\ProgramData\chocolatey\bin;C:\Program Files\Docker\Docker\resources\bin;C:\Users\Windows 10\AppData\Local\Programs\Python\Python310\Scripts\;C:\Users\Windows 10\AppData\Local\Programs\Python\Python310\;C:\Users\Windows 10\AppData\Local\Microsoft\WindowsApps;C:\Users\Windows 10\AppData\Local\Programs\Microsoft VS Code\bin;C:\Users\Windows 10\AppData\Roaming\npm;C:\ProgramData\TinyTeX\bin\windows;."/>
    <property name="java.vm.info" value="mixed mode, sharing"/>
    <property name="stderr.encoding" value="Cp1251"/>
    <property name="java.vendor" value="Oracle Corporation"/>
    <property name="java.vm.version" value="24+36-3646"/>
    <property name="sun.io.unicode.encoding" value="UnicodeLittle"/>
    <property name="java.class.version" value="68.0"/>
  </properties>
  <testcase name="produce_sendsProducerMessage_withCorrectTypeAndAssociation" classname="com.gruppeM.producer.ProducerServiceTest" time="1.157">
    <system-out><![CDATA[02:40:09.215 [main] INFO com.gruppeM.producer.ProducerApplication -- Sent to energy.input: EnergyMessage{type='PRODUCER', association='COMMUNITY', kwh=1.5014504671316389, datetime=2025-06-26T00:40:09.172223200Z}
]]></system-out>
    <system-err><![CDATA[Mockito is currently self-attaching to enable the inline-mock-maker. This will no longer work in future releases of the JDK. Please add Mockito as an agent to your build what is described in Mockito's documentation: https://javadoc.io/doc/org.mockito/mockito-core/latest/org/mockito/Mockito.html#0.3
WARNING: A Java agent has been loaded dynamically (C:\Users\Windows 10\.m2\repository\net\bytebuddy\byte-buddy-agent\1.15.11\byte-buddy-agent-1.15.11.jar)
WARNING: If a serviceability tool is in use, please run with -XX:+EnableDynamicAgentLoading to hide this warning
WARNING: If a serviceability tool is not in use, please run with -Djdk.instrument.traceUsage for more information
WARNING: Dynamic loading of agents will be disallowed by default in a future release
]]></system-err>
  </testcase>
  <testcase name="produce_kwhInExpectedRange" classname="com.gruppeM.producer.ProducerServiceTest" time="0.027">
    <system-out><![CDATA[02:40:09.312 [main] INFO com.gruppeM.producer.ProducerApplication -- Sent to energy.input: EnergyMessage{type='PRODUCER', association='COMMUNITY', kwh=0.12708266867568807, datetime=2025-06-26T00:40:09.312224200Z}
02:40:09.319 [main] INFO com.gruppeM.producer.ProducerApplication -- Sent to energy.input: EnergyMessage{type='PRODUCER', association='COMMUNITY', kwh=0.8520515163239804, datetime=2025-06-26T00:40:09.319723Z}
02:40:09.321 [main] INFO com.gruppeM.producer.ProducerApplication -- Sent to energy.input: EnergyMessage{type='PRODUCER', association='COMMUNITY', kwh=1.7378512185358648, datetime=2025-06-26T00:40:09.320722600Z}
02:40:09.322 [main] INFO com.gruppeM.producer.ProducerApplication -- Sent to energy.input: EnergyMessage{type='PRODUCER', association='COMMUNITY', kwh=1.1758879745075992, datetime=2025-06-26T00:40:09.321722900Z}
02:40:09.323 [main] INFO com.gruppeM.producer.ProducerApplication -- Sent to energy.input: EnergyMessage{type='PRODUCER', association='COMMUNITY', kwh=0.8279030500473863, datetime=2025-06-26T00:40:09.322722100Z}
02:40:09.324 [main] INFO com.gruppeM.producer.ProducerApplication -- Sent to energy.input: EnergyMessage{type='PRODUCER', association='COMMUNITY', kwh=1.8320530932481467, datetime=2025-06-26T00:40:09.323723500Z}
02:40:09.324 [main] INFO com.gruppeM.producer.ProducerApplication -- Sent to energy.input: EnergyMessage{type='PRODUCER', association='COMMUNITY', kwh=1.6000085205409882, datetime=2025-06-26T00:40:09.324722800Z}
02:40:09.325 [main] INFO com.gruppeM.producer.ProducerApplication -- Sent to energy.input: EnergyMessage{type='PRODUCER', association='COMMUNITY', kwh=1.9388658513087031, datetime=2025-06-26T00:40:09.325723800Z}
02:40:09.326 [main] INFO com.gruppeM.producer.ProducerApplication -- Sent to energy.input: EnergyMessage{type='PRODUCER', association='COMMUNITY', kwh=0.3128258375142634, datetime=2025-06-26T00:40:09.326224300Z}
02:40:09.327 [main] INFO com.gruppeM.producer.ProducerApplication -- Sent to energy.input: EnergyMessage{type='PRODUCER', association='COMMUNITY', kwh=0.47028456315331635, datetime=2025-06-26T00:40:09.327223200Z}
02:40:09.328 [main] INFO com.gruppeM.producer.ProducerApplication -- Sent to energy.input: EnergyMessage{type='PRODUCER', association='COMMUNITY', kwh=1.1747486059643304, datetime=2025-06-26T00:40:09.327722900Z}
02:40:09.328 [main] INFO com.gruppeM.producer.ProducerApplication -- Sent to energy.input: EnergyMessage{type='PRODUCER', association='COMMUNITY', kwh=1.179051924937952, datetime=2025-06-26T00:40:09.328722800Z}
02:40:09.329 [main] INFO com.gruppeM.producer.ProducerApplication -- Sent to energy.input: EnergyMessage{type='PRODUCER', association='COMMUNITY', kwh=1.9916277680706864, datetime=2025-06-26T00:40:09.329222300Z}
02:40:09.330 [main] INFO com.gruppeM.producer.ProducerApplication -- Sent to energy.input: EnergyMessage{type='PRODUCER', association='COMMUNITY', kwh=0.12653634640127343, datetime=2025-06-26T00:40:09.330224200Z}
02:40:09.331 [main] INFO com.gruppeM.producer.ProducerApplication -- Sent to energy.input: EnergyMessage{type='PRODUCER', association='COMMUNITY', kwh=0.060430729895263546, datetime=2025-06-26T00:40:09.330722500Z}
02:40:09.331 [main] INFO com.gruppeM.producer.ProducerApplication -- Sent to energy.input: EnergyMessage{type='PRODUCER', association='COMMUNITY', kwh=1.800326137952714, datetime=2025-06-26T00:40:09.331722800Z}
02:40:09.332 [main] INFO com.gruppeM.producer.ProducerApplication -- Sent to energy.input: EnergyMessage{type='PRODUCER', association='COMMUNITY', kwh=0.09926179646746203, datetime=2025-06-26T00:40:09.332222400Z}
02:40:09.333 [main] INFO com.gruppeM.producer.ProducerApplication -- Sent to energy.input: EnergyMessage{type='PRODUCER', association='COMMUNITY', kwh=0.02425430655841665, datetime=2025-06-26T00:40:09.332722300Z}
02:40:09.333 [main] INFO com.gruppeM.producer.ProducerApplication -- Sent to energy.input: EnergyMessage{type='PRODUCER', association='COMMUNITY', kwh=0.5733017605383106, datetime=2025-06-26T00:40:09.333723400Z}
02:40:09.334 [main] INFO com.gruppeM.producer.ProducerApplication -- Sent to energy.input: EnergyMessage{type='PRODUCER', association='COMMUNITY', kwh=1.313781426334915, datetime=2025-06-26T00:40:09.334723100Z}
]]></system-out>
  </testcase>
</testsuite>