<?xml version="1.0" encoding="UTF-8"?>
<testsuite xmlns:xsi="http://www.w3.org/2001/XMLSchema-instance" xsi:noNamespaceSchemaLocation="https://maven.apache.org/surefire/maven-surefire-plugin/xsd/surefire-test-report.xsd" version="3.0.2" name="com.gruppeM.producer.ProducerServiceTest" time="1.159" tests="2" errors="0" skipped="0" failures="0">
  <properties>
    <property name="java.specification.version" value="24"/>
    <property name="sun.cpu.isalist" value="amd64"/>
    <property name="sun.jnu.encoding" value="Cp1251"/>
    <property name="java.class.path" value="C:\Users\Windows 10\Desktop\Semester 4\energy-communities\producer-service\target\test-classes;C:\Users\Windows 10\Desktop\Semester 4\energy-communities\producer-service\target\classes;C:\Users\Windows 10\.m2\repository\org\springframework\boot\spring-boot-starter\3.4.5\spring-boot-starter-3.4.5.jar;C:\Users\Windows 10\.m2\repository\org\springframework\boot\spring-boot\3.4.5\spring-boot-3.4.5.jar;C:\Users\Windows 10\.m2\repository\org\springframework\spring-context\6.2.6\spring-context-6.2.6.jar;C:\Users\Windows 10\.m2\repository\org\springframework\spring-aop\6.2.6\spring-aop-6.2.6.jar;C:\Users\Windows 10\.m2\repository\org\springframework\spring-expression\6.2.6\spring-expression-6.2.6.jar;C:\Users\Windows 10\.m2\repository\org\springframework\boot\spring-boot-autoconfigure\3.4.5\spring-boot-autoconfigure-3.4.5.jar;C:\Users\Windows 10\.m2\repository\org\springframework\boot\spring-boot-starter-logging\3.4.5\spring-boot-starter-logging-3.4.5.jar;C:\Users\Windows 10\.m2\repository\ch\qos\logback\logback-classic\1.5.18\logback-classic-1.5.18.jar;C:\Users\Windows 10\.m2\repository\ch\qos\logback\logback-core\1.5.18\logback-core-1.5.18.jar;C:\Users\Windows 10\.m2\repository\org\slf4j\slf4j-api\2.0.17\slf4j-api-2.0.17.jar;C:\Users\Windows 10\.m2\repository\org\apache\logging\log4j\log4j-to-slf4j\2.24.3\log4j-to-slf4j-2.24.3.jar;C:\Users\Windows 10\.m2\repository\org\apache\logging\log4j\log4j-api\2.24.3\log4j-api-2.24.3.jar;C:\Users\Windows 10\.m2\repository\org\slf4j\jul-to-slf4j\2.0.17\jul-to-slf4j-2.0.17.jar;C:\Users\Windows 10\.m2\repository\jakarta\annotation\jakarta.annotation-api\2.1.1\jakarta.annotation-api-2.1.1.jar;C:\Users\Windows 10\.m2\repository\org\springframework\spring-core\6.2.6\spring-core-6.2.6.jar;C:\Users\Windows 10\.m2\repository\org\springframework\spring-jcl\6.2.6\spring-jcl-6.2.6.jar;C:\Users\Windows 10\.m2\repository\org\yaml\snakeyaml\2.3\snakeyaml-2.3.jar;C:\Users\Windows 10\.m2\repository\org\junit\jupiter\junit-jupiter\5.9.3\junit-jupiter-5.9.3.jar;C:\Users\Windows 10\.m2\repository\org\junit\jupiter\junit-jupiter-api\5.11.4\junit-jupiter-api-5.11.4.jar;C:\Users\Windows 10\.m2\repository\org\opentest4j\opentest4j\1.3.0\opentest4j-1.3.0.jar;C:\Users\Windows 10\.m2\repository\org\junit\platform\junit-platform-commons\1.11.4\junit-platform-commons-1.11.4.jar;C:\Users\Windows 10\.m2\repository\org\apiguardian\apiguardian-api\1.1.2\apiguardian-api-1.1.2.jar;C:\Users\Windows 10\.m2\repository\org\junit\jupiter\junit-jupiter-params\5.11.4\junit-jupiter-params-5.11.4.jar;C:\Users\Windows 10\.m2\repository\org\junit\jupiter\junit-jupiter-engine\5.11.4\junit-jupiter-engine-5.11.4.jar;C:\Users\Windows 10\.m2\repository\org\junit\platform\junit-platform-engine\1.11.4\junit-platform-engine-1.11.4.jar;C:\Users\Windows 10\.m2\repository\org\assertj\assertj-core\3.24.2\assertj-core-3.24.2.jar;C:\Users\Windows 10\.m2\repository\net\bytebuddy\byte-buddy\1.15.11\byte-buddy-1.15.11.jar;C:\Users\Windows 10\.m2\repository\org\springframework\boot\spring-boot-starter-amqp\3.4.5\spring-boot-starter-amqp-3.4.5.jar;C:\Users\Windows 10\.m2\repository\org\springframework\spring-messaging\6.2.6\spring-messaging-6.2.6.jar;C:\Users\Windows 10\.m2\repository\org\springframework\spring-beans\6.2.6\spring-beans-6.2.6.jar;C:\Users\Windows 10\.m2\repository\org\springframework\amqp\spring-rabbit\3.2.5\spring-rabbit-3.2.5.jar;C:\Users\Windows 10\.m2\repository\org\springframework\amqp\spring-amqp\3.2.5\spring-amqp-3.2.5.jar;C:\Users\Windows 10\.m2\repository\org\springframework\retry\spring-retry\2.0.11\spring-retry-2.0.11.jar;C:\Users\Windows 10\.m2\repository\com\rabbitmq\amqp-client\5.22.0\amqp-client-5.22.0.jar;C:\Users\Windows 10\.m2\repository\org\springframework\spring-tx\6.2.6\spring-tx-6.2.6.jar;C:\Users\Windows 10\.m2\repository\io\micrometer\micrometer-observation\1.14.6\micrometer-observation-1.14.6.jar;C:\Users\Windows 10\.m2\repository\io\micrometer\micrometer-commons\1.14.6\micrometer-commons-1.14.6.jar;C:\Users\Windows 10\.m2\repository\com\fasterxml\jackson\core\jackson-databind\2.18.3\jackson-databind-2.18.3.jar;C:\Users\Windows 10\.m2\repository\com\fasterxml\jackson\core\jackson-annotations\2.18.3\jackson-annotations-2.18.3.jar;C:\Users\Windows 10\.m2\repository\com\fasterxml\jackson\core\jackson-core\2.18.3\jackson-core-2.18.3.jar;C:\Users\Windows 10\.m2\repository\com\fasterxml\jackson\datatype\jackson-datatype-jsr310\2.18.3\jackson-datatype-jsr310-2.18.3.jar;C:\Users\Windows 10\.m2\repository\org\projectlombok\lombok\1.18.38\lombok-1.18.38.jar;C:\Users\Windows 10\.m2\repository\org\mockito\mockito-core\5.14.2\mockito-core-5.14.2.jar;C:\Users\Windows 10\.m2\repository\net\bytebuddy\byte-buddy-agent\1.15.11\byte-buddy-agent-1.15.11.jar;C:\Users\Windows 10\.m2\repository\org\objenesis\objenesis\3.3\objenesis-3.3.jar;"/>
    <property name="java.vm.vendor" value="Oracle Corporation"/>
    <property name="sun.arch.data.model" value="64"/>
    <property name="user.variant" value=""/>
    <property name="java.vendor.url" value="https://java.oracle.com/"/>
    <property name="user.timezone" value="Europe/Berlin"/>
    <property name="os.name" value="Windows 10"/>
    <property name="java.vm.specification.version" value="24"/>
    <property name="sun.java.launcher" value="SUN_STANDARD"/>
    <property name="user.country" value="RU"/>
    <property name="sun.boot.library.path" value="C:\Users\Windows 10\.jdks\openjdk-24\bin"/>
    <property name="sun.java.command" value="C:\Users\Windows 10\AppData\Local\Temp\surefire6979413894303296466\surefirebooter-20250625223841263_17.jar C:\Users\Windows 10\AppData\Local\Temp\surefire6979413894303296466 2025-06-25T22-38-34_368-jvmRun1 surefire-20250625223841263_15tmp surefire_2-20250625223841263_16tmp"/>
    <property name="jdk.debug" value="release"/>
    <property name="surefire.test.class.path" value="C:\Users\Windows 10\Desktop\Semester 4\energy-communities\producer-service\target\test-classes;C:\Users\Windows 10\Desktop\Semester 4\energy-communities\producer-service\target\classes;C:\Users\Windows 10\.m2\repository\org\springframework\boot\spring-boot-starter\3.4.5\spring-boot-starter-3.4.5.jar;C:\Users\Windows 10\.m2\repository\org\springframework\boot\spring-boot\3.4.5\spring-boot-3.4.5.jar;C:\Users\Windows 10\.m2\repository\org\springframework\spring-context\6.2.6\spring-context-6.2.6.jar;C:\Users\Windows 10\.m2\repository\org\springframework\spring-aop\6.2.6\spring-aop-6.2.6.jar;C:\Users\Windows 10\.m2\repository\org\springframework\spring-expression\6.2.6\spring-expression-6.2.6.jar;C:\Users\Windows 10\.m2\repository\org\springframework\boot\spring-boot-autoconfigure\3.4.5\spring-boot-autoconfigure-3.4.5.jar;C:\Users\Windows 10\.m2\repository\org\springframework\boot\spring-boot-starter-logging\3.4.5\spring-boot-starter-logging-3.4.5.jar;C:\Users\Windows 10\.m2\repository\ch\qos\logback\logback-classic\1.5.18\logback-classic-1.5.18.jar;C:\Users\Windows 10\.m2\repository\ch\qos\logback\logback-core\1.5.18\logback-core-1.5.18.jar;C:\Users\Windows 10\.m2\repository\org\slf4j\slf4j-api\2.0.17\slf4j-api-2.0.17.jar;C:\Users\Windows 10\.m2\repository\org\apache\logging\log4j\log4j-to-slf4j\2.24.3\log4j-to-slf4j-2.24.3.jar;C:\Users\Windows 10\.m2\repository\org\apache\logging\log4j\log4j-api\2.24.3\log4j-api-2.24.3.jar;C:\Users\Windows 10\.m2\repository\org\slf4j\jul-to-slf4j\2.0.17\jul-to-slf4j-2.0.17.jar;C:\Users\Windows 10\.m2\repository\jakarta\annotation\jakarta.annotation-api\2.1.1\jakarta.annotation-api-2.1.1.jar;C:\Users\Windows 10\.m2\repository\org\springframework\spring-core\6.2.6\spring-core-6.2.6.jar;C:\Users\Windows 10\.m2\repository\org\springframework\spring-jcl\6.2.6\spring-jcl-6.2.6.jar;C:\Users\Windows 10\.m2\repository\org\yaml\snakeyaml\2.3\snakeyaml-2.3.jar;C:\Users\Windows 10\.m2\repository\org\junit\jupiter\junit-jupiter\5.9.3\junit-jupiter-5.9.3.jar;C:\Users\Windows 10\.m2\repository\org\junit\jupiter\junit-jupiter-api\5.11.4\junit-jupiter-api-5.11.4.jar;C:\Users\Windows 10\.m2\repository\org\opentest4j\opentest4j\1.3.0\opentest4j-1.3.0.jar;C:\Users\Windows 10\.m2\repository\org\junit\platform\junit-platform-commons\1.11.4\junit-platform-commons-1.11.4.jar;C:\Users\Windows 10\.m2\repository\org\apiguardian\apiguardian-api\1.1.2\apiguardian-api-1.1.2.jar;C:\Users\Windows 10\.m2\repository\org\junit\jupiter\junit-jupiter-params\5.11.4\junit-jupiter-params-5.11.4.jar;C:\Users\Windows 10\.m2\repository\org\junit\jupiter\junit-jupiter-engine\5.11.4\junit-jupiter-engine-5.11.4.jar;C:\Users\Windows 10\.m2\repository\org\junit\platform\junit-platform-engine\1.11.4\junit-platform-engine-1.11.4.jar;C:\Users\Windows 10\.m2\repository\org\assertj\assertj-core\3.24.2\assertj-core-3.24.2.jar;C:\Users\Windows 10\.m2\repository\net\bytebuddy\byte-buddy\1.15.11\byte-buddy-1.15.11.jar;C:\Users\Windows 10\.m2\repository\org\springframework\boot\spring-boot-starter-amqp\3.4.5\spring-boot-starter-amqp-3.4.5.jar;C:\Users\Windows 10\.m2\repository\org\springframework\spring-messaging\6.2.6\spring-messaging-6.2.6.jar;C:\Users\Windows 10\.m2\repository\org\springframework\spring-beans\6.2.6\spring-beans-6.2.6.jar;C:\Users\Windows 10\.m2\repository\org\springframework\amqp\spring-rabbit\3.2.5\spring-rabbit-3.2.5.jar;C:\Users\Windows 10\.m2\repository\org\springframework\amqp\spring-amqp\3.2.5\spring-amqp-3.2.5.jar;C:\Users\Windows 10\.m2\repository\org\springframework\retry\spring-retry\2.0.11\spring-retry-2.0.11.jar;C:\Users\Windows 10\.m2\repository\com\rabbitmq\amqp-client\5.22.0\amqp-client-5.22.0.jar;C:\Users\Windows 10\.m2\repository\org\springframework\spring-tx\6.2.6\spring-tx-6.2.6.jar;C:\Users\Windows 10\.m2\repository\io\micrometer\micrometer-observation\1.14.6\micrometer-observation-1.14.6.jar;C:\Users\Windows 10\.m2\repository\io\micrometer\micrometer-commons\1.14.6\micrometer-commons-1.14.6.jar;C:\Users\Windows 10\.m2\repository\com\fasterxml\jackson\core\jackson-databind\2.18.3\jackson-databind-2.18.3.jar;C:\Users\Windows 10\.m2\repository\com\fasterxml\jackson\core\jackson-annotations\2.18.3\jackson-annotations-2.18.3.jar;C:\Users\Windows 10\.m2\repository\com\fasterxml\jackson\core\jackson-core\2.18.3\jackson-core-2.18.3.jar;C:\Users\Windows 10\.m2\repository\com\fasterxml\jackson\datatype\jackson-datatype-jsr310\2.18.3\jackson-datatype-jsr310-2.18.3.jar;C:\Users\Windows 10\.m2\repository\org\projectlombok\lombok\1.18.38\lombok-1.18.38.jar;C:\Users\Windows 10\.m2\repository\org\mockito\mockito-core\5.14.2\mockito-core-5.14.2.jar;C:\Users\Windows 10\.m2\repository\net\bytebuddy\byte-buddy-agent\1.15.11\byte-buddy-agent-1.15.11.jar;C:\Users\Windows 10\.m2\repository\org\objenesis\objenesis\3.3\objenesis-3.3.jar;"/>
    <property name="sun.cpu.endian" value="little"/>
    <property name="user.home" value="C:\Users\Windows 10"/>
    <property name="user.language" value="ru"/>
    <property name="java.specification.vendor" value="Oracle Corporation"/>
    <property name="java.version.date" value="2025-03-18"/>
    <property name="java.home" value="C:\Users\Windows 10\.jdks\openjdk-24"/>
    <property name="file.separator" value="\"/>
    <property name="basedir" value="C:\Users\Windows 10\Desktop\Semester 4\energy-communities\producer-service"/>
    <property name="java.vm.compressedOopsMode" value="Zero based"/>
    <property name="line.separator" value="&#10;"/>
    <property name="java.vm.specification.vendor" value="Oracle Corporation"/>
    <property name="java.specification.name" value="Java Platform API Specification"/>
    <property name="surefire.real.class.path" value="C:\Users\Windows 10\AppData\Local\Temp\surefire6979413894303296466\surefirebooter-20250625223841263_17.jar"/>
    <property name="user.script" value=""/>
    <property name="sun.management.compiler" value="HotSpot 64-Bit Tiered Compilers"/>
    <property name="java.runtime.version" value="24+36-3646"/>
    <property name="user.name" value="Windows 10"/>
    <property name="stdout.encoding" value="Cp1251"/>
    <property name="path.separator" value=";"/>
    <property name="os.version" value="10.0"/>
    <property name="java.runtime.name" value="OpenJDK Runtime Environment"/>
    <property name="file.encoding" value="UTF-8"/>
    <property name="java.vm.name" value="OpenJDK 64-Bit Server VM"/>
    <property name="localRepository" value="C:\Users\Windows 10\.m2\repository"/>
    <property name="java.vendor.url.bug" value="https://bugreport.java.com/bugreport/"/>
    <property name="java.io.tmpdir" value="C:\Users\WINDOW~1\AppData\Local\Temp\"/>
    <property name="idea.version" value="2024.3.5"/>
    <property name="java.version" value="24"/>
    <property name="user.dir" value="C:\Users\Windows 10\Desktop\Semester 4\energy-communities\producer-service"/>
    <property name="os.arch" value="amd64"/>
    <property name="java.vm.specification.name" value="Java Virtual Machine Specification"/>
    <property name="sun.os.patch.level" value=""/>
    <property name="native.encoding" value="Cp1251"/>
    <property name="java.library.path" value="C:\Users\Windows 10\.jdks\openjdk-24\bin;C:\Windows\Sun\Java\bin;C:\Windows\system32;C:\Windows;C:\Python313\Scripts\;C:\Python313\;C:\Program Files\Eclipse Adoptium\jdk-17.0.6.10-hotspot\bin;C:\Program Files\Common Files\Oracle\Java\javapath;C:\Program Files (x86)\Common Files\Oracle\Java\javapath;C:\Windows\system32;C:\Windows;C:\Windows\System32\Wbem;C:\Windows\System32\WindowsPowerShell\v1.0\;C:\Windows\System32\OpenSSH\;C:\Program Files\Git\cmd;C:\Program Files\Perforce\Server\;C:\Program Files\Perforce\;C:\Program Files\nodejs\;C:\ProgramData\chocolatey\bin;C:\Program Files\Docker\Docker\resources\bin;C:\Users\Windows 10\AppData\Local\Programs\Python\Python310\Scripts\;C:\Users\Windows 10\AppData\Local\Programs\Python\Python310\;C:\Users\Windows 10\AppData\Local\Microsoft\WindowsApps;C:\Users\Windows 10\AppData\Local\Programs\Microsoft VS Code\bin;C:\Users\Windows 10\AppData\Roaming\npm;C:\ProgramData\TinyTeX\bin\windows;."/>
    <property name="java.vm.info" value="mixed mode, sharing"/>
    <property name="stderr.encoding" value="Cp1251"/>
    <property name="java.vendor" value="Oracle Corporation"/>
    <property name="java.vm.version" value="24+36-3646"/>
    <property name="sun.io.unicode.encoding" value="UnicodeLittle"/>
    <property name="java.class.version" value="68.0"/>
  </properties>
  <testcase name="produce_sendsProducerMessage_withCorrectTypeAndAssociation" classname="com.gruppeM.producer.ProducerServiceTest" time="1.109">
    <system-out><![CDATA[22:38:42.865 [main] INFO com.gruppeM.producer.ProducerApplication -- Sent to energy.input: EnergyMessage{type='PRODUCER', association='COMMUNITY', kwh=1.8691546924543152, datetime=2025-06-25T20:38:42.820674800Z}
]]></system-out>
    <system-err><![CDATA[Mockito is currently self-attaching to enable the inline-mock-maker. This will no longer work in future releases of the JDK. Please add Mockito as an agent to your build what is described in Mockito's documentation: https://javadoc.io/doc/org.mockito/mockito-core/latest/org/mockito/Mockito.html#0.3
WARNING: A Java agent has been loaded dynamically (C:\Users\Windows 10\.m2\repository\net\bytebuddy\byte-buddy-agent\1.15.11\byte-buddy-agent-1.15.11.jar)
WARNING: If a serviceability tool is in use, please run with -XX:+EnableDynamicAgentLoading to hide this warning
WARNING: If a serviceability tool is not in use, please run with -Djdk.instrument.traceUsage for more information
WARNING: Dynamic loading of agents will be disallowed by default in a future release
]]></system-err>
  </testcase>
  <testcase name="produce_kwhInExpectedRange" classname="com.gruppeM.producer.ProducerServiceTest" time="0.022">
    <system-out><![CDATA[22:38:42.949 [main] INFO com.gruppeM.producer.ProducerApplication -- Sent to energy.input: EnergyMessage{type='PRODUCER', association='COMMUNITY', kwh=1.9199085964494198, datetime=2025-06-25T20:38:42.948676700Z}
22:38:42.955 [main] INFO com.gruppeM.producer.ProducerApplication -- Sent to energy.input: EnergyMessage{type='PRODUCER', association='COMMUNITY', kwh=1.6701344995280138, datetime=2025-06-25T20:38:42.955675400Z}
22:38:42.957 [main] INFO com.gruppeM.producer.ProducerApplication -- Sent to energy.input: EnergyMessage{type='PRODUCER', association='COMMUNITY', kwh=1.8182236059506747, datetime=2025-06-25T20:38:42.956675700Z}
22:38:42.958 [main] INFO com.gruppeM.producer.ProducerApplication -- Sent to energy.input: EnergyMessage{type='PRODUCER', association='COMMUNITY', kwh=0.9576966422973572, datetime=2025-06-25T20:38:42.957674900Z}
22:38:42.958 [main] INFO com.gruppeM.producer.ProducerApplication -- Sent to energy.input: EnergyMessage{type='PRODUCER', association='COMMUNITY', kwh=0.6264407375622214, datetime=2025-06-25T20:38:42.958673Z}
22:38:42.959 [main] INFO com.gruppeM.producer.ProducerApplication -- Sent to energy.input: EnergyMessage{type='PRODUCER', association='COMMUNITY', kwh=0.9885701632480857, datetime=2025-06-25T20:38:42.959174700Z}
22:38:42.960 [main] INFO com.gruppeM.producer.ProducerApplication -- Sent to energy.input: EnergyMessage{type='PRODUCER', association='COMMUNITY', kwh=1.383394477969279, datetime=2025-06-25T20:38:42.960175400Z}
22:38:42.961 [main] INFO com.gruppeM.producer.ProducerApplication -- Sent to energy.input: EnergyMessage{type='PRODUCER', association='COMMUNITY', kwh=0.5914366827229689, datetime=2025-06-25T20:38:42.961175100Z}
22:38:42.961 [main] INFO com.gruppeM.producer.ProducerApplication -- Sent to energy.input: EnergyMessage{type='PRODUCER', association='COMMUNITY', kwh=0.6246655343735654, datetime=2025-06-25T20:38:42.961675Z}
22:38:42.962 [main] INFO com.gruppeM.producer.ProducerApplication -- Sent to energy.input: EnergyMessage{type='PRODUCER', association='COMMUNITY', kwh=1.9919669621597842, datetime=2025-06-25T20:38:42.962173400Z}
22:38:42.963 [main] INFO com.gruppeM.producer.ProducerApplication -- Sent to energy.input: EnergyMessage{type='PRODUCER', association='COMMUNITY', kwh=0.1487802408131107, datetime=2025-06-25T20:38:42.963175900Z}
22:38:42.963 [main] INFO com.gruppeM.producer.ProducerApplication -- Sent to energy.input: EnergyMessage{type='PRODUCER', association='COMMUNITY', kwh=1.9526483326409185, datetime=2025-06-25T20:38:42.963675800Z}
22:38:42.964 [main] INFO com.gruppeM.producer.ProducerApplication -- Sent to energy.input: EnergyMessage{type='PRODUCER', association='COMMUNITY', kwh=0.42821799317591935, datetime=2025-06-25T20:38:42.964174600Z}
22:38:42.964 [main] INFO com.gruppeM.producer.ProducerApplication -- Sent to energy.input: EnergyMessage{type='PRODUCER', association='COMMUNITY', kwh=0.040515788813840325, datetime=2025-06-25T20:38:42.964675600Z}
22:38:42.965 [main] INFO com.gruppeM.producer.ProducerApplication -- Sent to energy.input: EnergyMessage{type='PRODUCER', association='COMMUNITY', kwh=0.17913373989872783, datetime=2025-06-25T20:38:42.965173700Z}
22:38:42.965 [main] INFO com.gruppeM.producer.ProducerApplication -- Sent to energy.input: EnergyMessage{type='PRODUCER', association='COMMUNITY', kwh=0.06099478381780288, datetime=2025-06-25T20:38:42.965675100Z}
22:38:42.966 [main] INFO com.gruppeM.producer.ProducerApplication -- Sent to energy.input: EnergyMessage{type='PRODUCER', association='COMMUNITY', kwh=0.6104864326700898, datetime=2025-06-25T20:38:42.966173600Z}
22:38:42.967 [main] INFO com.gruppeM.producer.ProducerApplication -- Sent to energy.input: EnergyMessage{type='PRODUCER', association='COMMUNITY', kwh=0.47259297124191013, datetime=2025-06-25T20:38:42.967173500Z}
22:38:42.967 [main] INFO com.gruppeM.producer.ProducerApplication -- Sent to energy.input: EnergyMessage{type='PRODUCER', association='COMMUNITY', kwh=1.516846983269858, datetime=2025-06-25T20:38:42.967673900Z}
22:38:42.968 [main] INFO com.gruppeM.producer.ProducerApplication -- Sent to energy.input: EnergyMessage{type='PRODUCER', association='COMMUNITY', kwh=0.6419537314157191, datetime=2025-06-25T20:38:42.968174300Z}
]]></system-out>
  </testcase>
</testsuite>